---
  0 debug pnpm:package-json: 
    initial: 
      name: "dispatch"
      description: "A Vue.js project"
      version: "1.0.0"
      author: 
        name: "Ogbonda"
        email: "ogbondachiziaruhoma@gmail.com"
      private: true
      scripts: 
        start: "vue-cli-service serve"
        serve: "vue-cli-service serve"
        dev: "vue-cli-service serve"
        build: "vue-cli-service build"
        lint: "vue-cli-service lint"
      dependencies: 
        axios: "^0.18.0"
        express: "^4.16.4"
        vue: "^2.5.3"
        vue-router: "^3.0.2"
        vuetify: "^1.3.12"
      devDependencies: 
        @babel/polyfill: "^7.0.0-beta.49"
        @vue/cli-plugin-babel: "^3.0.1"
        @vue/cli-plugin-eslint: "^3.0.1"
        @vue/cli-service: "^3.0.1"
        html-webpack-plugin: "^3.2.0"
        material-design-icons-iconfont: "^3.0.3"
        vue-cli-plugin-vuetify: "^0.1.6"
        vue-template-compiler: "^2.5.17"
        webpack: "^4.27.1"
        webpack-dev-server: "^3.1.10"
      eslintConfig: 
        root: true
        env: 
          node: true
        extends: 
          - "plugin:vue/essential"
          - "eslint:recommended"
        rules: {}
        parserOptions: 
          parser: "babel-eslint"
      postcss: 
        plugins: 
          autoprefixer: {}
      browserslist: 
        - "> 1%"
        - "last 2 versions"
        - "not ie <= 8"
      readme: "# dispatch\n\n> A Vue.js project\n\n## Build Setup\n\n``` bash\n# install dependencies\nnpm install\n\n# serve with hot reload at localhost:8080\nnpm run dev\n\n# build for production with minification\nnpm run build\n```\n\nFor detailed explanation on how things work, consult the [docs for vue-loader](http://vuejs.github.io/vue-loader).\n"
      readmeFilename: "README.md"
      _id: "dispatch@1.0.0"
    prefix: "/Users/zfinix/VueJS/Dispatch"
  1 debug pnpm:stage: "resolution_started"
  2 debug pnpm:progress: 
    pkg: 
      name: "twilio"
      rawSpec: "twilio"
    status: "installing"
  3 debug pnpm:progress: 
    status: "resolved"
    pkgId: "registry.npmjs.org/twilio/3.25.0"
    pkg: 
      name: "twilio"
      rawSpec: "twilio"
  4 debug pnpm:progress: 
    pkgId: "registry.npmjs.org/twilio/3.25.0"
    pkgVersion: "3.25.0"
    status: "downloaded_manifest"
  5 debug pnpm:progress: 
    pkgId: "registry.npmjs.org/twilio/3.25.0"
    status: "resolving_content"
  6 debug pnpm:progress: 
    pkg: 
      dependentId: "registry.npmjs.org/twilio/3.25.0"
      name: "@types/express"
      rawSpec: "@types/express@^4.11.1"
    status: "installing"
  7 debug pnpm:progress: 
    pkg: 
      dependentId: "registry.npmjs.org/twilio/3.25.0"
      name: "deprecate"
      rawSpec: "deprecate@1.0.0"
    status: "installing"
  8 debug pnpm:progress: 
    pkg: 
      dependentId: "registry.npmjs.org/twilio/3.25.0"
      name: "jsonwebtoken"
      rawSpec: "jsonwebtoken@^8.1.0"
    status: "installing"
  9 debug pnpm:progress: 
    pkg: 
      dependentId: "registry.npmjs.org/twilio/3.25.0"
      name: "lodash"
      rawSpec: "lodash@^4.17.10"
    status: "installing"
  10 debug pnpm:progress: 
    pkg: 
      dependentId: "registry.npmjs.org/twilio/3.25.0"
      name: "moment"
      rawSpec: "moment@2.19.3"
    status: "installing"
  11 debug pnpm:progress: 
    pkg: 
      dependentId: "registry.npmjs.org/twilio/3.25.0"
      name: "q"
      rawSpec: "q@2.0.x"
    status: "installing"
  12 debug pnpm:progress: 
    pkg: 
      dependentId: "registry.npmjs.org/twilio/3.25.0"
      name: "request"
      rawSpec: "request@^2.87.0"
    status: "installing"
  13 debug pnpm:progress: 
    pkg: 
      dependentId: "registry.npmjs.org/twilio/3.25.0"
      name: "rootpath"
      rawSpec: "rootpath@0.1.2"
    status: "installing"
  14 debug pnpm:progress: 
    pkg: 
      dependentId: "registry.npmjs.org/twilio/3.25.0"
      name: "scmp"
      rawSpec: "scmp@0.0.3"
    status: "installing"
  15 debug pnpm:progress: 
    pkg: 
      dependentId: "registry.npmjs.org/twilio/3.25.0"
      name: "xmlbuilder"
      rawSpec: "xmlbuilder@9.0.1"
    status: "installing"
  16 debug pnpm:progress: 
    status: "resolved"
    pkgId: "registry.npmjs.org/scmp/0.0.3"
    pkg: 
      dependentId: "registry.npmjs.org/twilio/3.25.0"
      name: "scmp"
      rawSpec: "scmp@0.0.3"
  17 debug pnpm:deprecation: 
    deprecated: "scmp v2 uses improved core crypto comparison since Node v6.6.0"
    depth: 1
    pkgId: "registry.npmjs.org/scmp/0.0.3"
    pkgName: "scmp"
    pkgVersion: "0.0.3"
    prefix: "/Users/zfinix/VueJS/Dispatch"
  18 debug pnpm:progress: 
    pkgId: "registry.npmjs.org/scmp/0.0.3"
    pkgVersion: "0.0.3"
    status: "downloaded_manifest"
  19 debug pnpm:progress: 
    pkgId: "registry.npmjs.org/scmp/0.0.3"
    status: "resolving_content"
  20 debug pnpm:progress: 
    status: "resolved"
    pkgId: "registry.npmjs.org/rootpath/0.1.2"
    pkg: 
      dependentId: "registry.npmjs.org/twilio/3.25.0"
      name: "rootpath"
      rawSpec: "rootpath@0.1.2"
  21 debug pnpm:progress: 
    pkgId: "registry.npmjs.org/rootpath/0.1.2"
    pkgVersion: "0.1.2"
    status: "downloaded_manifest"
  22 debug pnpm:progress: 
    pkgId: "registry.npmjs.org/rootpath/0.1.2"
    status: "resolving_content"
  23 debug pnpm:progress: 
    status: "resolved"
    pkgId: "registry.npmjs.org/deprecate/1.0.0"
    pkg: 
      dependentId: "registry.npmjs.org/twilio/3.25.0"
      name: "deprecate"
      rawSpec: "deprecate@1.0.0"
  24 debug pnpm:progress: 
    pkgId: "registry.npmjs.org/deprecate/1.0.0"
    pkgVersion: "1.0.0"
    status: "downloaded_manifest"
  25 debug pnpm:progress: 
    pkgId: "registry.npmjs.org/deprecate/1.0.0"
    status: "resolving_content"
  26 debug pnpm:progress: 
    status: "resolved"
    pkgId: "registry.npmjs.org/xmlbuilder/9.0.1"
    pkg: 
      dependentId: "registry.npmjs.org/twilio/3.25.0"
      name: "xmlbuilder"
      rawSpec: "xmlbuilder@9.0.1"
  27 debug pnpm:progress: 
    pkgId: "registry.npmjs.org/xmlbuilder/9.0.1"
    pkgVersion: "9.0.1"
    status: "downloaded_manifest"
  28 debug pnpm:progress: 
    pkgId: "registry.npmjs.org/xmlbuilder/9.0.1"
    status: "resolving_content"
  29 debug pnpm:progress: 
    status: "resolved"
    pkgId: "registry.npmjs.org/moment/2.19.3"
    pkg: 
      dependentId: "registry.npmjs.org/twilio/3.25.0"
      name: "moment"
      rawSpec: "moment@2.19.3"
  30 debug pnpm:progress: 
    pkgId: "registry.npmjs.org/moment/2.19.3"
    pkgVersion: "2.19.3"
    status: "downloaded_manifest"
  31 debug pnpm:progress: 
    pkgId: "registry.npmjs.org/moment/2.19.3"
    status: "resolving_content"
  32 debug pnpm:progress: 
    status: "resolved"
    pkgId: "registry.npmjs.org/@types/express/4.16.0"
    pkg: 
      dependentId: "registry.npmjs.org/twilio/3.25.0"
      name: "@types/express"
      rawSpec: "@types/express@^4.11.1"
  33 debug pnpm:progress: 
    pkgId: "registry.npmjs.org/@types/express/4.16.0"
    pkgVersion: "4.16.0"
    status: "downloaded_manifest"
  34 debug pnpm:progress: 
    pkgId: "registry.npmjs.org/@types/express/4.16.0"
    status: "resolving_content"
  35 debug pnpm:progress: 
    pkg: 
      dependentId: "registry.npmjs.org/@types/express/4.16.0"
      name: "@types/body-parser"
      rawSpec: "@types/body-parser@*"
    status: "installing"
  36 debug pnpm:progress: 
    pkg: 
      dependentId: "registry.npmjs.org/@types/express/4.16.0"
      name: "@types/serve-static"
      rawSpec: "@types/serve-static@*"
    status: "installing"
  37 debug pnpm:progress: 
    pkg: 
      dependentId: "registry.npmjs.org/@types/express/4.16.0"
      name: "@types/express-serve-static-core"
      rawSpec: "@types/express-serve-static-core@*"
    status: "installing"
  38 debug pnpm:progress: 
    status: "resolved"
    pkgId: "registry.npmjs.org/@types/body-parser/1.17.0"
    pkg: 
      dependentId: "registry.npmjs.org/@types/express/4.16.0"
      name: "@types/body-parser"
      rawSpec: "@types/body-parser@*"
  39 debug pnpm:progress: 
    pkgId: "registry.npmjs.org/@types/body-parser/1.17.0"
    pkgVersion: "1.17.0"
    status: "downloaded_manifest"
  40 debug pnpm:progress: 
    pkgId: "registry.npmjs.org/@types/body-parser/1.17.0"
    status: "resolving_content"
  41 debug pnpm:progress: 
    pkg: 
      dependentId: "registry.npmjs.org/@types/body-parser/1.17.0"
      name: "@types/connect"
      rawSpec: "@types/connect@*"
    status: "installing"
  42 debug pnpm:progress: 
    pkg: 
      dependentId: "registry.npmjs.org/@types/body-parser/1.17.0"
      name: "@types/node"
      rawSpec: "@types/node@*"
    status: "installing"
  43 debug pnpm:progress: 
    status: "resolved"
    pkgId: "registry.npmjs.org/@types/connect/3.4.32"
    pkg: 
      dependentId: "registry.npmjs.org/@types/body-parser/1.17.0"
      name: "@types/connect"
      rawSpec: "@types/connect@*"
  44 debug pnpm:progress: 
    pkgId: "registry.npmjs.org/@types/connect/3.4.32"
    pkgVersion: "3.4.32"
    status: "downloaded_manifest"
  45 debug pnpm:progress: 
    pkgId: "registry.npmjs.org/@types/connect/3.4.32"
    status: "resolving_content"
  46 debug pnpm:progress: 
    pkg: 
      dependentId: "registry.npmjs.org/@types/connect/3.4.32"
      name: "@types/node"
      rawSpec: "@types/node@*"
    status: "installing"
  47 debug pnpm:progress: 
    status: "fetching_started"
    pkgId: "registry.npmjs.org/twilio/3.25.0"
    size: 758157
    attempt: 1
  48 debug pnpm:progress: 
    status: "fetching_progress"
    pkgId: "registry.npmjs.org/twilio/3.25.0"
    downloaded: 740
  49 debug pnpm:progress: 
    status: "fetching_progress"
    pkgId: "registry.npmjs.org/twilio/3.25.0"
    downloaded: 2109
  50 debug pnpm:progress: 
    status: "fetching_progress"
    pkgId: "registry.npmjs.org/twilio/3.25.0"
    downloaded: 3478
  51 debug pnpm:progress: 
    status: "fetching_progress"
    pkgId: "registry.npmjs.org/twilio/3.25.0"
    downloaded: 4847
  52 debug pnpm:progress: 
    status: "fetching_progress"
    pkgId: "registry.npmjs.org/twilio/3.25.0"
    downloaded: 6216
  53 debug pnpm:progress: 
    status: "fetching_progress"
    pkgId: "registry.npmjs.org/twilio/3.25.0"
    downloaded: 7585
  54 debug pnpm:progress: 
    status: "fetching_progress"
    pkgId: "registry.npmjs.org/twilio/3.25.0"
    downloaded: 8954
  55 debug pnpm:progress: 
    status: "fetching_progress"
    pkgId: "registry.npmjs.org/twilio/3.25.0"
    downloaded: 10323
  56 debug pnpm:progress: 
    status: "fetching_progress"
    pkgId: "registry.npmjs.org/twilio/3.25.0"
    downloaded: 11692
  57 debug pnpm:progress: 
    status: "fetching_progress"
    pkgId: "registry.npmjs.org/twilio/3.25.0"
    downloaded: 13061
  58 debug pnpm:progress: 
    status: "fetching_progress"
    pkgId: "registry.npmjs.org/twilio/3.25.0"
    downloaded: 14430
  59 debug pnpm:progress: 
    status: "fetching_progress"
    pkgId: "registry.npmjs.org/twilio/3.25.0"
    downloaded: 15799
  60 debug pnpm:progress: 
    status: "fetching_progress"
    pkgId: "registry.npmjs.org/twilio/3.25.0"
    downloaded: 17168
  61 debug pnpm:progress: 
    status: "fetching_progress"
    pkgId: "registry.npmjs.org/twilio/3.25.0"
    downloaded: 18537
  62 debug pnpm:progress: 
    status: "fetching_progress"
    pkgId: "registry.npmjs.org/twilio/3.25.0"
    downloaded: 19906
  63 debug pnpm:progress: 
    status: "fetching_progress"
    pkgId: "registry.npmjs.org/twilio/3.25.0"
    downloaded: 21275
  64 debug pnpm:progress: 
    status: "fetching_progress"
    pkgId: "registry.npmjs.org/twilio/3.25.0"
    downloaded: 22644
  65 debug pnpm:progress: 
    status: "fetching_progress"
    pkgId: "registry.npmjs.org/twilio/3.25.0"
    downloaded: 24013
  66 debug pnpm:progress: 
    status: "fetching_progress"
    pkgId: "registry.npmjs.org/twilio/3.25.0"
    downloaded: 25382
  67 debug pnpm:progress: 
    status: "fetching_started"
    pkgId: "registry.npmjs.org/moment/2.19.3"
    size: 561157
    attempt: 1
  68 debug pnpm:progress: 
    status: "fetching_progress"
    pkgId: "registry.npmjs.org/moment/2.19.3"
    downloaded: 745
  69 debug pnpm:progress: 
    status: "resolved"
    pkgId: "registry.npmjs.org/jsonwebtoken/8.4.0"
    pkg: 
      dependentId: "registry.npmjs.org/twilio/3.25.0"
      name: "jsonwebtoken"
      rawSpec: "jsonwebtoken@^8.1.0"
  70 debug pnpm:progress: 
    pkgId: "registry.npmjs.org/jsonwebtoken/8.4.0"
    pkgVersion: "8.4.0"
    status: "downloaded_manifest"
  71 debug pnpm:progress: 
    pkgId: "registry.npmjs.org/jsonwebtoken/8.4.0"
    status: "resolving_content"
  72 debug pnpm:progress: 
    pkg: 
      dependentId: "registry.npmjs.org/jsonwebtoken/8.4.0"
      name: "jws"
      rawSpec: "jws@^3.1.5"
    status: "installing"
  73 debug pnpm:progress: 
    pkg: 
      dependentId: "registry.npmjs.org/jsonwebtoken/8.4.0"
      name: "lodash.includes"
      rawSpec: "lodash.includes@^4.3.0"
    status: "installing"
  74 debug pnpm:progress: 
    pkg: 
      dependentId: "registry.npmjs.org/jsonwebtoken/8.4.0"
      name: "lodash.isboolean"
      rawSpec: "lodash.isboolean@^3.0.3"
    status: "installing"
  75 debug pnpm:progress: 
    pkg: 
      dependentId: "registry.npmjs.org/jsonwebtoken/8.4.0"
      name: "lodash.isinteger"
      rawSpec: "lodash.isinteger@^4.0.4"
    status: "installing"
  76 debug pnpm:progress: 
    pkg: 
      dependentId: "registry.npmjs.org/jsonwebtoken/8.4.0"
      name: "lodash.isnumber"
      rawSpec: "lodash.isnumber@^3.0.3"
    status: "installing"
  77 debug pnpm:progress: 
    pkg: 
      dependentId: "registry.npmjs.org/jsonwebtoken/8.4.0"
      name: "lodash.isplainobject"
      rawSpec: "lodash.isplainobject@^4.0.6"
    status: "installing"
  78 debug pnpm:progress: 
    pkg: 
      dependentId: "registry.npmjs.org/jsonwebtoken/8.4.0"
      name: "lodash.isstring"
      rawSpec: "lodash.isstring@^4.0.1"
    status: "installing"
  79 debug pnpm:progress: 
    pkg: 
      dependentId: "registry.npmjs.org/jsonwebtoken/8.4.0"
      name: "lodash.once"
      rawSpec: "lodash.once@^4.0.0"
    status: "installing"
  80 debug pnpm:progress: 
    pkg: 
      dependentId: "registry.npmjs.org/jsonwebtoken/8.4.0"
      name: "ms"
      rawSpec: "ms@^2.1.1"
    status: "installing"
  81 debug pnpm:progress: 
    status: "fetching_progress"
    pkgId: "registry.npmjs.org/moment/2.19.3"
    downloaded: 2114
  82 debug pnpm:progress: 
    status: "fetching_progress"
    pkgId: "registry.npmjs.org/moment/2.19.3"
    downloaded: 3483
  83 debug pnpm:progress: 
    status: "fetching_progress"
    pkgId: "registry.npmjs.org/moment/2.19.3"
    downloaded: 4852
  84 debug pnpm:progress: 
    status: "fetching_progress"
    pkgId: "registry.npmjs.org/moment/2.19.3"
    downloaded: 6221
  85 debug pnpm:progress: 
    status: "fetching_progress"
    pkgId: "registry.npmjs.org/moment/2.19.3"
    downloaded: 7590
  86 debug pnpm:progress: 
    status: "fetching_progress"
    pkgId: "registry.npmjs.org/moment/2.19.3"
    downloaded: 8959
  87 debug pnpm:progress: 
    status: "fetching_progress"
    pkgId: "registry.npmjs.org/moment/2.19.3"
    downloaded: 10328
  88 debug pnpm:progress: 
    pkgId: "registry.npmjs.org/deprecate/1.0.0"
    status: "fetched"
  89 debug pnpm:progress: 
    pkgId: "registry.npmjs.org/scmp/0.0.3"
    status: "fetched"
  90 debug pnpm:progress: 
    pkgId: "registry.npmjs.org/@types/express/4.16.0"
    status: "fetched"
  91 debug pnpm:progress: 
    status: "fetching_progress"
    pkgId: "registry.npmjs.org/moment/2.19.3"
    downloaded: 11697
  92 debug pnpm:progress: 
    status: "fetching_progress"
    pkgId: "registry.npmjs.org/moment/2.19.3"
    downloaded: 13066
  93 debug pnpm:progress: 
    status: "fetching_progress"
    pkgId: "registry.npmjs.org/moment/2.19.3"
    downloaded: 14435
  94 debug pnpm:progress: 
    pkgId: "registry.npmjs.org/rootpath/0.1.2"
    status: "fetched"
  95 debug pnpm:progress: 
    status: "fetching_progress"
    pkgId: "registry.npmjs.org/twilio/3.25.0"
    downloaded: 26751
  96 debug pnpm:progress: 
    status: "fetching_progress"
    pkgId: "registry.npmjs.org/moment/2.19.3"
    downloaded: 15804
  97 debug pnpm:progress: 
    status: "fetching_progress"
    pkgId: "registry.npmjs.org/twilio/3.25.0"
    downloaded: 28120
  98 debug pnpm:progress: 
    status: "fetching_progress"
    pkgId: "registry.npmjs.org/moment/2.19.3"
    downloaded: 17173
  99 debug pnpm:progress: 
    status: "fetching_progress"
    pkgId: "registry.npmjs.org/moment/2.19.3"
    downloaded: 18542
  100 debug pnpm:progress: 
    status: "fetching_progress"
    pkgId: "registry.npmjs.org/moment/2.19.3"
    downloaded: 19911
  101 debug pnpm:progress: 
    status: "fetching_progress"
    pkgId: "registry.npmjs.org/moment/2.19.3"
    downloaded: 21280
  102 debug pnpm:progress: 
    status: "fetching_progress"
    pkgId: "registry.npmjs.org/moment/2.19.3"
    downloaded: 22649
  103 debug pnpm:progress: 
    status: "fetching_progress"
    pkgId: "registry.npmjs.org/moment/2.19.3"
    downloaded: 24018
  104 debug pnpm:progress: 
    status: "fetching_progress"
    pkgId: "registry.npmjs.org/moment/2.19.3"
    downloaded: 25387
  105 debug pnpm:progress: 
    status: "fetching_progress"
    pkgId: "registry.npmjs.org/moment/2.19.3"
    downloaded: 26756
  106 debug pnpm:progress: 
    status: "fetching_progress"
    pkgId: "registry.npmjs.org/moment/2.19.3"
    downloaded: 28125
  107 debug pnpm:progress: 
    status: "fetching_progress"
    pkgId: "registry.npmjs.org/moment/2.19.3"
    downloaded: 29494
  108 debug pnpm:progress: 
    status: "fetching_progress"
    pkgId: "registry.npmjs.org/moment/2.19.3"
    downloaded: 30863
  109 debug pnpm:progress: 
    status: "fetching_progress"
    pkgId: "registry.npmjs.org/moment/2.19.3"
    downloaded: 32144
  110 debug pnpm:progress: 
    status: "fetching_progress"
    pkgId: "registry.npmjs.org/moment/2.19.3"
    downloaded: 33513
  111 debug pnpm:progress: 
    status: "fetching_progress"
    pkgId: "registry.npmjs.org/moment/2.19.3"
    downloaded: 34882
  112 debug pnpm:progress: 
    status: "fetching_progress"
    pkgId: "registry.npmjs.org/moment/2.19.3"
    downloaded: 36251
  113 debug pnpm:progress: 
    status: "fetching_progress"
    pkgId: "registry.npmjs.org/moment/2.19.3"
    downloaded: 37620
  114 debug pnpm:progress: 
    status: "fetching_progress"
    pkgId: "registry.npmjs.org/twilio/3.25.0"
    downloaded: 29489
  115 debug pnpm:progress: 
    status: "fetching_progress"
    pkgId: "registry.npmjs.org/twilio/3.25.0"
    downloaded: 30858
  116 debug pnpm:progress: 
    status: "fetching_progress"
    pkgId: "registry.npmjs.org/twilio/3.25.0"
    downloaded: 32139
  117 debug pnpm:progress: 
    status: "fetching_progress"
    pkgId: "registry.npmjs.org/twilio/3.25.0"
    downloaded: 33508
  118 debug pnpm:progress: 
    status: "fetching_progress"
    pkgId: "registry.npmjs.org/twilio/3.25.0"
    downloaded: 34877
  119 debug pnpm:progress: 
    status: "fetching_progress"
    pkgId: "registry.npmjs.org/twilio/3.25.0"
    downloaded: 36246
  120 debug pnpm:progress: 
    status: "fetching_progress"
    pkgId: "registry.npmjs.org/twilio/3.25.0"
    downloaded: 37615
  121 debug pnpm:progress: 
    status: "fetching_progress"
    pkgId: "registry.npmjs.org/twilio/3.25.0"
    downloaded: 38984
  122 debug pnpm:progress: 
    status: "fetching_progress"
    pkgId: "registry.npmjs.org/twilio/3.25.0"
    downloaded: 40353
  123 debug pnpm:progress: 
    status: "fetching_progress"
    pkgId: "registry.npmjs.org/twilio/3.25.0"
    downloaded: 41722
  124 debug pnpm:progress: 
    status: "fetching_progress"
    pkgId: "registry.npmjs.org/twilio/3.25.0"
    downloaded: 43091
  125 debug pnpm:progress: 
    status: "fetching_progress"
    pkgId: "registry.npmjs.org/twilio/3.25.0"
    downloaded: 44460
  126 debug pnpm:progress: 
    status: "fetching_progress"
    pkgId: "registry.npmjs.org/twilio/3.25.0"
    downloaded: 45829
  127 debug pnpm:progress: 
    status: "fetching_progress"
    pkgId: "registry.npmjs.org/moment/2.19.3"
    downloaded: 38989
  128 debug pnpm:progress: 
    status: "fetching_progress"
    pkgId: "registry.npmjs.org/moment/2.19.3"
    downloaded: 40358
  129 debug pnpm:progress: 
    status: "fetching_progress"
    pkgId: "registry.npmjs.org/moment/2.19.3"
    downloaded: 41727
  130 debug pnpm:progress: 
    status: "fetching_progress"
    pkgId: "registry.npmjs.org/moment/2.19.3"
    downloaded: 43096
  131 debug pnpm:progress: 
    status: "fetching_progress"
    pkgId: "registry.npmjs.org/moment/2.19.3"
    downloaded: 44465
  132 debug pnpm:progress: 
    status: "fetching_progress"
    pkgId: "registry.npmjs.org/moment/2.19.3"
    downloaded: 45834
  133 debug pnpm:progress: 
    status: "fetching_progress"
    pkgId: "registry.npmjs.org/moment/2.19.3"
    downloaded: 47203
  134 debug pnpm:progress: 
    status: "fetching_progress"
    pkgId: "registry.npmjs.org/twilio/3.25.0"
    downloaded: 47198
  135 debug pnpm:progress: 
    status: "fetching_progress"
    pkgId: "registry.npmjs.org/twilio/3.25.0"
    downloaded: 48567
  136 debug pnpm:progress: 
    status: "fetching_progress"
    pkgId: "registry.npmjs.org/twilio/3.25.0"
    downloaded: 49936
  137 debug pnpm:progress: 
    status: "fetching_progress"
    pkgId: "registry.npmjs.org/twilio/3.25.0"
    downloaded: 51305
  138 debug pnpm:progress: 
    status: "fetching_progress"
    pkgId: "registry.npmjs.org/twilio/3.25.0"
    downloaded: 52674
  139 debug pnpm:progress: 
    status: "fetching_progress"
    pkgId: "registry.npmjs.org/twilio/3.25.0"
    downloaded: 54043
  140 debug pnpm:progress: 
    pkgId: "registry.npmjs.org/@types/body-parser/1.17.0"
    status: "fetched"
  141 debug pnpm:progress: 
    pkgId: "registry.npmjs.org/@types/connect/3.4.32"
    status: "fetched"
  142 debug pnpm:progress: 
    pkgId: "registry.npmjs.org/jsonwebtoken/8.4.0"
    status: "fetched"
  143 debug pnpm:progress: 
    pkgId: "registry.npmjs.org/xmlbuilder/9.0.1"
    status: "fetched"
  144 debug pnpm:progress: 
    status: "resolved"
    pkgId: "registry.npmjs.org/request/2.88.0"
    pkg: 
      dependentId: "registry.npmjs.org/twilio/3.25.0"
      name: "request"
      rawSpec: "request@^2.87.0"
  145 debug pnpm:progress: 
    pkgId: "registry.npmjs.org/request/2.88.0"
    pkgVersion: "2.88.0"
    status: "downloaded_manifest"
  146 debug pnpm:progress: 
    pkgId: "registry.npmjs.org/request/2.88.0"
    status: "resolving_content"
  147 debug pnpm:progress: 
    pkg: 
      dependentId: "registry.npmjs.org/request/2.88.0"
      name: "aws-sign2"
      rawSpec: "aws-sign2@~0.7.0"
    status: "installing"
  148 debug pnpm:progress: 
    pkg: 
      dependentId: "registry.npmjs.org/request/2.88.0"
      name: "aws4"
      rawSpec: "aws4@^1.8.0"
    status: "installing"
  149 debug pnpm:progress: 
    pkg: 
      dependentId: "registry.npmjs.org/request/2.88.0"
      name: "caseless"
      rawSpec: "caseless@~0.12.0"
    status: "installing"
  150 debug pnpm:progress: 
    pkg: 
      dependentId: "registry.npmjs.org/request/2.88.0"
      name: "combined-stream"
      rawSpec: "combined-stream@~1.0.6"
    status: "installing"
  151 debug pnpm:progress: 
    pkg: 
      dependentId: "registry.npmjs.org/request/2.88.0"
      name: "extend"
      rawSpec: "extend@~3.0.2"
    status: "installing"
  152 debug pnpm:progress: 
    pkg: 
      dependentId: "registry.npmjs.org/request/2.88.0"
      name: "forever-agent"
      rawSpec: "forever-agent@~0.6.1"
    status: "installing"
  153 debug pnpm:progress: 
    pkg: 
      dependentId: "registry.npmjs.org/request/2.88.0"
      name: "form-data"
      rawSpec: "form-data@~2.3.2"
    status: "installing"
  154 debug pnpm:progress: 
    pkg: 
      dependentId: "registry.npmjs.org/request/2.88.0"
      name: "har-validator"
      rawSpec: "har-validator@~5.1.0"
    status: "installing"
  155 debug pnpm:progress: 
    pkg: 
      dependentId: "registry.npmjs.org/request/2.88.0"
      name: "http-signature"
      rawSpec: "http-signature@~1.2.0"
    status: "installing"
  156 debug pnpm:progress: 
    pkg: 
      dependentId: "registry.npmjs.org/request/2.88.0"
      name: "is-typedarray"
      rawSpec: "is-typedarray@~1.0.0"
    status: "installing"
  157 debug pnpm:progress: 
    pkg: 
      dependentId: "registry.npmjs.org/request/2.88.0"
      name: "isstream"
      rawSpec: "isstream@~0.1.2"
    status: "installing"
  158 debug pnpm:progress: 
    pkg: 
      dependentId: "registry.npmjs.org/request/2.88.0"
      name: "json-stringify-safe"
      rawSpec: "json-stringify-safe@~5.0.1"
    status: "installing"
  159 debug pnpm:progress: 
    pkg: 
      dependentId: "registry.npmjs.org/request/2.88.0"
      name: "mime-types"
      rawSpec: "mime-types@~2.1.19"
    status: "installing"
  160 debug pnpm:progress: 
    pkg: 
      dependentId: "registry.npmjs.org/request/2.88.0"
      name: "oauth-sign"
      rawSpec: "oauth-sign@~0.9.0"
    status: "installing"
  161 debug pnpm:progress: 
    pkg: 
      dependentId: "registry.npmjs.org/request/2.88.0"
      name: "performance-now"
      rawSpec: "performance-now@^2.1.0"
    status: "installing"
  162 debug pnpm:progress: 
    pkg: 
      dependentId: "registry.npmjs.org/request/2.88.0"
      name: "qs"
      rawSpec: "qs@~6.5.2"
    status: "installing"
  163 debug pnpm:progress: 
    pkg: 
      dependentId: "registry.npmjs.org/request/2.88.0"
      name: "safe-buffer"
      rawSpec: "safe-buffer@^5.1.2"
    status: "installing"
  164 debug pnpm:progress: 
    pkg: 
      dependentId: "registry.npmjs.org/request/2.88.0"
      name: "tough-cookie"
      rawSpec: "tough-cookie@~2.4.3"
    status: "installing"
  165 debug pnpm:progress: 
    pkg: 
      dependentId: "registry.npmjs.org/request/2.88.0"
      name: "tunnel-agent"
      rawSpec: "tunnel-agent@^0.6.0"
    status: "installing"
  166 debug pnpm:progress: 
    pkg: 
      dependentId: "registry.npmjs.org/request/2.88.0"
      name: "uuid"
      rawSpec: "uuid@^3.3.2"
    status: "installing"
  167 debug pnpm:progress: 
    status: "fetching_progress"
    pkgId: "registry.npmjs.org/twilio/3.25.0"
    downloaded: 55412
  168 debug pnpm:progress: 
    status: "fetching_progress"
    pkgId: "registry.npmjs.org/twilio/3.25.0"
    downloaded: 59641
  169 debug pnpm:progress: 
    status: "fetching_progress"
    pkgId: "registry.npmjs.org/twilio/3.25.0"
    downloaded: 63870
  170 debug pnpm:progress: 
    status: "fetching_progress"
    pkgId: "registry.npmjs.org/twilio/3.25.0"
    downloaded: 64907
  171 debug pnpm:progress: 
    status: "fetching_progress"
    pkgId: "registry.npmjs.org/twilio/3.25.0"
    downloaded: 69136
  172 debug pnpm:progress: 
    status: "fetching_progress"
    pkgId: "registry.npmjs.org/twilio/3.25.0"
    downloaded: 73365
  173 debug pnpm:progress: 
    status: "fetching_progress"
    pkgId: "registry.npmjs.org/twilio/3.25.0"
    downloaded: 77594
  174 debug pnpm:progress: 
    status: "fetching_progress"
    pkgId: "registry.npmjs.org/twilio/3.25.0"
    downloaded: 81823
  175 debug pnpm:progress: 
    status: "fetching_progress"
    pkgId: "registry.npmjs.org/twilio/3.25.0"
    downloaded: 86052
  176 debug pnpm:progress: 
    status: "fetching_progress"
    pkgId: "registry.npmjs.org/twilio/3.25.0"
    downloaded: 90281
  177 debug pnpm:progress: 
    status: "fetching_progress"
    pkgId: "registry.npmjs.org/twilio/3.25.0"
    downloaded: 94510
  178 debug pnpm:progress: 
    status: "fetching_progress"
    pkgId: "registry.npmjs.org/twilio/3.25.0"
    downloaded: 97675
  179 debug pnpm:progress: 
    pkgId: "registry.npmjs.org/request/2.88.0"
    status: "found_in_store"
  180 debug pnpm:progress: 
    status: "fetching_progress"
    pkgId: "registry.npmjs.org/twilio/3.25.0"
    downloaded: 101904
  181 debug pnpm:progress: 
    status: "fetching_progress"
    pkgId: "registry.npmjs.org/twilio/3.25.0"
    downloaded: 106133
  182 debug pnpm:progress: 
    status: "fetching_progress"
    pkgId: "registry.npmjs.org/twilio/3.25.0"
    downloaded: 110362
  183 debug pnpm:progress: 
    status: "fetching_progress"
    pkgId: "registry.npmjs.org/twilio/3.25.0"
    downloaded: 114591
  184 debug pnpm:progress: 
    status: "fetching_progress"
    pkgId: "registry.npmjs.org/twilio/3.25.0"
    downloaded: 118820
  185 debug pnpm:progress: 
    status: "fetching_progress"
    pkgId: "registry.npmjs.org/twilio/3.25.0"
    downloaded: 123049
  186 debug pnpm:progress: 
    status: "fetching_progress"
    pkgId: "registry.npmjs.org/twilio/3.25.0"
    downloaded: 127278
  187 debug pnpm:progress: 
    status: "fetching_progress"
    pkgId: "registry.npmjs.org/twilio/3.25.0"
    downloaded: 130443
  188 debug pnpm:progress: 
    status: "fetching_progress"
    pkgId: "registry.npmjs.org/twilio/3.25.0"
    downloaded: 134672
  189 debug pnpm:progress: 
    status: "fetching_progress"
    pkgId: "registry.npmjs.org/twilio/3.25.0"
    downloaded: 138901
  190 debug pnpm:progress: 
    status: "resolved"
    pkgId: "registry.npmjs.org/q/2.0.3"
    pkg: 
      dependentId: "registry.npmjs.org/twilio/3.25.0"
      name: "q"
      rawSpec: "q@2.0.x"
  191 debug pnpm:progress: 
    pkgId: "registry.npmjs.org/q/2.0.3"
    pkgVersion: "2.0.3"
    status: "downloaded_manifest"
  192 debug pnpm:progress: 
    pkgId: "registry.npmjs.org/q/2.0.3"
    status: "resolving_content"
  193 debug pnpm:progress: 
    pkg: 
      dependentId: "registry.npmjs.org/q/2.0.3"
      name: "asap"
      rawSpec: "asap@^2.0.0"
    status: "installing"
  194 debug pnpm:progress: 
    pkg: 
      dependentId: "registry.npmjs.org/q/2.0.3"
      name: "pop-iterate"
      rawSpec: "pop-iterate@^1.0.1"
    status: "installing"
  195 debug pnpm:progress: 
    pkg: 
      dependentId: "registry.npmjs.org/q/2.0.3"
      name: "weak-map"
      rawSpec: "weak-map@^1.0.5"
    status: "installing"
  196 debug pnpm:progress: 
    status: "fetching_progress"
    pkgId: "registry.npmjs.org/moment/2.19.3"
    downloaded: 48572
  197 debug pnpm:progress: 
    status: "fetching_progress"
    pkgId: "registry.npmjs.org/twilio/3.25.0"
    downloaded: 143130
  198 debug pnpm:progress: 
    status: "fetching_progress"
    pkgId: "registry.npmjs.org/twilio/3.25.0"
    downloaded: 147359
  199 debug pnpm:progress: 
    status: "fetching_progress"
    pkgId: "registry.npmjs.org/twilio/3.25.0"
    downloaded: 151588
  200 debug pnpm:progress: 
    status: "resolved"
    pkgId: "registry.npmjs.org/@types/serve-static/1.13.2"
    pkg: 
      dependentId: "registry.npmjs.org/@types/express/4.16.0"
      name: "@types/serve-static"
      rawSpec: "@types/serve-static@*"
  201 debug pnpm:progress: 
    pkgId: "registry.npmjs.org/@types/serve-static/1.13.2"
    pkgVersion: "1.13.2"
    status: "downloaded_manifest"
  202 debug pnpm:progress: 
    pkgId: "registry.npmjs.org/@types/serve-static/1.13.2"
    status: "resolving_content"
  203 debug pnpm:progress: 
    pkg: 
      dependentId: "registry.npmjs.org/@types/serve-static/1.13.2"
      name: "@types/express-serve-static-core"
      rawSpec: "@types/express-serve-static-core@*"
    status: "installing"
  204 debug pnpm:progress: 
    pkg: 
      dependentId: "registry.npmjs.org/@types/serve-static/1.13.2"
      name: "@types/mime"
      rawSpec: "@types/mime@*"
    status: "installing"
  205 debug pnpm:progress: 
    status: "resolved"
    pkgId: "registry.npmjs.org/jws/3.1.5"
    pkg: 
      dependentId: "registry.npmjs.org/jsonwebtoken/8.4.0"
      name: "jws"
      rawSpec: "jws@^3.1.5"
  206 debug pnpm:progress: 
    pkgId: "registry.npmjs.org/jws/3.1.5"
    pkgVersion: "3.1.5"
    status: "downloaded_manifest"
  207 debug pnpm:progress: 
    pkgId: "registry.npmjs.org/jws/3.1.5"
    status: "resolving_content"
  208 debug pnpm:progress: 
    pkg: 
      dependentId: "registry.npmjs.org/jws/3.1.5"
      name: "jwa"
      rawSpec: "jwa@^1.1.5"
    status: "installing"
  209 debug pnpm:progress: 
    pkg: 
      dependentId: "registry.npmjs.org/jws/3.1.5"
      name: "safe-buffer"
      rawSpec: "safe-buffer@^5.0.1"
    status: "installing"
  210 debug pnpm:progress: 
    status: "resolved"
    pkgId: "registry.npmjs.org/lodash.isstring/4.0.1"
    pkg: 
      dependentId: "registry.npmjs.org/jsonwebtoken/8.4.0"
      name: "lodash.isstring"
      rawSpec: "lodash.isstring@^4.0.1"
  211 debug pnpm:progress: 
    pkgId: "registry.npmjs.org/lodash.isstring/4.0.1"
    pkgVersion: "4.0.1"
    status: "downloaded_manifest"
  212 debug pnpm:progress: 
    pkgId: "registry.npmjs.org/lodash.isstring/4.0.1"
    status: "resolving_content"
  213 debug pnpm:progress: 
    status: "fetching_progress"
    pkgId: "registry.npmjs.org/twilio/3.25.0"
    downloaded: 155817
  214 debug pnpm:progress: 
    status: "fetching_progress"
    pkgId: "registry.npmjs.org/twilio/3.25.0"
    downloaded: 160046
  215 debug pnpm:progress: 
    status: "fetching_progress"
    pkgId: "registry.npmjs.org/twilio/3.25.0"
    downloaded: 163211
  216 debug pnpm:progress: 
    status: "fetching_progress"
    pkgId: "registry.npmjs.org/twilio/3.25.0"
    downloaded: 167440
  217 debug pnpm:progress: 
    status: "fetching_progress"
    pkgId: "registry.npmjs.org/twilio/3.25.0"
    downloaded: 171669
  218 debug pnpm:progress: 
    status: "fetching_progress"
    pkgId: "registry.npmjs.org/twilio/3.25.0"
    downloaded: 175898
  219 debug pnpm:progress: 
    status: "fetching_progress"
    pkgId: "registry.npmjs.org/twilio/3.25.0"
    downloaded: 180127
  220 debug pnpm:progress: 
    status: "fetching_progress"
    pkgId: "registry.npmjs.org/twilio/3.25.0"
    downloaded: 184356
  221 debug pnpm:progress: 
    status: "fetching_progress"
    pkgId: "registry.npmjs.org/twilio/3.25.0"
    downloaded: 188585
  222 debug pnpm:progress: 
    status: "fetching_progress"
    pkgId: "registry.npmjs.org/twilio/3.25.0"
    downloaded: 192814
  223 debug pnpm:progress: 
    status: "fetching_progress"
    pkgId: "registry.npmjs.org/twilio/3.25.0"
    downloaded: 195979
  224 debug pnpm:progress: 
    status: "fetching_progress"
    pkgId: "registry.npmjs.org/twilio/3.25.0"
    downloaded: 200208
  225 debug pnpm:progress: 
    status: "fetching_progress"
    pkgId: "registry.npmjs.org/twilio/3.25.0"
    downloaded: 204437
  226 debug pnpm:progress: 
    status: "fetching_progress"
    pkgId: "registry.npmjs.org/twilio/3.25.0"
    downloaded: 208666
  227 debug pnpm:progress: 
    status: "fetching_progress"
    pkgId: "registry.npmjs.org/moment/2.19.3"
    downloaded: 49941
  228 debug pnpm:progress: 
    status: "fetching_progress"
    pkgId: "registry.npmjs.org/twilio/3.25.0"
    downloaded: 212895
  229 debug pnpm:progress: 
    status: "resolved"
    pkgId: "registry.npmjs.org/lodash.isinteger/4.0.4"
    pkg: 
      dependentId: "registry.npmjs.org/jsonwebtoken/8.4.0"
      name: "lodash.isinteger"
      rawSpec: "lodash.isinteger@^4.0.4"
  230 debug pnpm:progress: 
    pkgId: "registry.npmjs.org/lodash.isinteger/4.0.4"
    pkgVersion: "4.0.4"
    status: "downloaded_manifest"
  231 debug pnpm:progress: 
    pkgId: "registry.npmjs.org/lodash.isinteger/4.0.4"
    status: "resolving_content"
  232 debug pnpm:progress: 
    status: "resolved"
    pkgId: "registry.npmjs.org/lodash.isboolean/3.0.3"
    pkg: 
      dependentId: "registry.npmjs.org/jsonwebtoken/8.4.0"
      name: "lodash.isboolean"
      rawSpec: "lodash.isboolean@^3.0.3"
  233 debug pnpm:progress: 
    pkgId: "registry.npmjs.org/lodash.isboolean/3.0.3"
    pkgVersion: "3.0.3"
    status: "downloaded_manifest"
  234 debug pnpm:progress: 
    pkgId: "registry.npmjs.org/lodash.isboolean/3.0.3"
    status: "resolving_content"
  235 debug pnpm:progress: 
    status: "resolved"
    pkgId: "registry.npmjs.org/lodash.includes/4.3.0"
    pkg: 
      dependentId: "registry.npmjs.org/jsonwebtoken/8.4.0"
      name: "lodash.includes"
      rawSpec: "lodash.includes@^4.3.0"
  236 debug pnpm:progress: 
    pkgId: "registry.npmjs.org/lodash.includes/4.3.0"
    pkgVersion: "4.3.0"
    status: "downloaded_manifest"
  237 debug pnpm:progress: 
    pkgId: "registry.npmjs.org/lodash.includes/4.3.0"
    status: "resolving_content"
  238 debug pnpm:progress: 
    status: "resolved"
    pkgId: "registry.npmjs.org/lodash.isplainobject/4.0.6"
    pkg: 
      dependentId: "registry.npmjs.org/jsonwebtoken/8.4.0"
      name: "lodash.isplainobject"
      rawSpec: "lodash.isplainobject@^4.0.6"
  239 debug pnpm:progress: 
    pkgId: "registry.npmjs.org/lodash.isplainobject/4.0.6"
    pkgVersion: "4.0.6"
    status: "downloaded_manifest"
  240 debug pnpm:progress: 
    pkgId: "registry.npmjs.org/lodash.isplainobject/4.0.6"
    status: "resolving_content"
  241 debug pnpm:progress: 
    status: "resolved"
    pkgId: "registry.npmjs.org/lodash.isnumber/3.0.3"
    pkg: 
      dependentId: "registry.npmjs.org/jsonwebtoken/8.4.0"
      name: "lodash.isnumber"
      rawSpec: "lodash.isnumber@^3.0.3"
  242 debug pnpm:progress: 
    pkgId: "registry.npmjs.org/lodash.isnumber/3.0.3"
    pkgVersion: "3.0.3"
    status: "downloaded_manifest"
  243 debug pnpm:progress: 
    pkgId: "registry.npmjs.org/lodash.isnumber/3.0.3"
    status: "resolving_content"
  244 debug pnpm:progress: 
    status: "resolved"
    pkgId: "registry.npmjs.org/lodash/4.17.11"
    pkg: 
      dependentId: "registry.npmjs.org/twilio/3.25.0"
      name: "lodash"
      rawSpec: "lodash@^4.17.10"
  245 debug pnpm:progress: 
    pkgId: "registry.npmjs.org/lodash/4.17.11"
    pkgVersion: "4.17.11"
    status: "downloaded_manifest"
  246 debug pnpm:progress: 
    pkgId: "registry.npmjs.org/lodash/4.17.11"
    status: "resolving_content"
  247 debug pnpm:progress: 
    status: "fetching_progress"
    pkgId: "registry.npmjs.org/twilio/3.25.0"
    downloaded: 217124
  248 debug pnpm:progress: 
    status: "fetching_progress"
    pkgId: "registry.npmjs.org/twilio/3.25.0"
    downloaded: 228747
  249 debug pnpm:progress: 
    status: "fetching_progress"
    pkgId: "registry.npmjs.org/twilio/3.25.0"
    downloaded: 245131
  250 debug pnpm:progress: 
    status: "fetching_progress"
    pkgId: "registry.npmjs.org/twilio/3.25.0"
    downloaded: 261515
  251 debug pnpm:progress: 
    status: "resolved"
    pkgId: "registry.npmjs.org/lodash.once/4.1.1"
    pkg: 
      dependentId: "registry.npmjs.org/jsonwebtoken/8.4.0"
      name: "lodash.once"
      rawSpec: "lodash.once@^4.0.0"
  252 debug pnpm:progress: 
    pkgId: "registry.npmjs.org/lodash.once/4.1.1"
    pkgVersion: "4.1.1"
    status: "downloaded_manifest"
  253 debug pnpm:progress: 
    pkgId: "registry.npmjs.org/lodash.once/4.1.1"
    status: "resolving_content"
  254 debug pnpm:progress: 
    status: "resolved"
    pkgId: "registry.npmjs.org/ms/2.1.1"
    pkg: 
      dependentId: "registry.npmjs.org/jsonwebtoken/8.4.0"
      name: "ms"
      rawSpec: "ms@^2.1.1"
  255 debug pnpm:progress: 
    pkgId: "registry.npmjs.org/ms/2.1.1"
    pkgVersion: "2.1.1"
    status: "downloaded_manifest"
  256 debug pnpm:progress: 
    pkgId: "registry.npmjs.org/ms/2.1.1"
    status: "resolving_content"
  257 debug pnpm:progress: 
    status: "fetching_started"
    pkgId: "registry.npmjs.org/@types/serve-static/1.13.2"
    size: 3051
    attempt: 1
  258 debug pnpm:progress: 
    status: "fetching_progress"
    pkgId: "registry.npmjs.org/@types/serve-static/1.13.2"
    downloaded: 737
  259 debug pnpm:progress: 
    status: "fetching_progress"
    pkgId: "registry.npmjs.org/twilio/3.25.0"
    downloaded: 277899
  260 debug pnpm:progress: 
    status: "fetching_started"
    pkgId: "registry.npmjs.org/jws/3.1.5"
    size: 5885
    attempt: 1
  261 debug pnpm:progress: 
    status: "fetching_progress"
    pkgId: "registry.npmjs.org/jws/3.1.5"
    downloaded: 747
  262 debug pnpm:progress: 
    status: "fetching_progress"
    pkgId: "registry.npmjs.org/moment/2.19.3"
    downloaded: 51310
  263 debug pnpm:progress: 
    status: "fetching_progress"
    pkgId: "registry.npmjs.org/@types/serve-static/1.13.2"
    downloaded: 2106
  264 debug pnpm:progress: 
    status: "resolved"
    pkgId: "registry.npmjs.org/aws-sign2/0.7.0"
    pkg: 
      dependentId: "registry.npmjs.org/request/2.88.0"
      name: "aws-sign2"
      rawSpec: "aws-sign2@~0.7.0"
  265 debug pnpm:progress: 
    pkgId: "registry.npmjs.org/aws-sign2/0.7.0"
    pkgVersion: "0.7.0"
    status: "downloaded_manifest"
  266 debug pnpm:progress: 
    pkgId: "registry.npmjs.org/aws-sign2/0.7.0"
    status: "resolving_content"
  267 debug pnpm:progress: 
    status: "fetching_progress"
    pkgId: "registry.npmjs.org/jws/3.1.5"
    downloaded: 2116
  268 debug pnpm:progress: 
    status: "fetching_started"
    pkgId: "registry.npmjs.org/lodash.isinteger/4.0.4"
    size: 3464
    attempt: 1
  269 debug pnpm:progress: 
    status: "fetching_progress"
    pkgId: "registry.npmjs.org/lodash.isinteger/4.0.4"
    downloaded: 742
  270 debug pnpm:progress: 
    status: "fetching_progress"
    pkgId: "registry.npmjs.org/lodash.isinteger/4.0.4"
    downloaded: 2111
  271 debug pnpm:progress: 
    status: "fetching_progress"
    pkgId: "registry.npmjs.org/lodash.isinteger/4.0.4"
    downloaded: 3464
  272 debug pnpm:progress: 
    status: "fetching_started"
    pkgId: "registry.npmjs.org/lodash.isplainobject/4.0.6"
    size: 3031
    attempt: 1
  273 debug pnpm:progress: 
    status: "fetching_progress"
    pkgId: "registry.npmjs.org/lodash.isplainobject/4.0.6"
    downloaded: 742
  274 debug pnpm:progress: 
    status: "fetching_progress"
    pkgId: "registry.npmjs.org/lodash.isplainobject/4.0.6"
    downloaded: 2111
  275 debug pnpm:progress: 
    status: "fetching_progress"
    pkgId: "registry.npmjs.org/lodash.isplainobject/4.0.6"
    downloaded: 3031
  276 debug pnpm:progress: 
    status: "fetching_started"
    pkgId: "registry.npmjs.org/lodash.isnumber/3.0.3"
    size: 2187
    attempt: 1
  277 debug pnpm:progress: 
    status: "fetching_progress"
    pkgId: "registry.npmjs.org/lodash.isnumber/3.0.3"
    downloaded: 742
  278 debug pnpm:progress: 
    status: "fetching_progress"
    pkgId: "registry.npmjs.org/lodash.isnumber/3.0.3"
    downloaded: 2111
  279 debug pnpm:progress: 
    status: "fetching_progress"
    pkgId: "registry.npmjs.org/lodash.isnumber/3.0.3"
    downloaded: 2187
  280 debug pnpm:progress: 
    status: "fetching_started"
    pkgId: "registry.npmjs.org/lodash.includes/4.3.0"
    size: 6191
    attempt: 1
  281 debug pnpm:progress: 
    status: "fetching_progress"
    pkgId: "registry.npmjs.org/lodash.includes/4.3.0"
    downloaded: 742
  282 debug pnpm:progress: 
    status: "fetching_progress"
    pkgId: "registry.npmjs.org/lodash.includes/4.3.0"
    downloaded: 2111
  283 debug pnpm:progress: 
    status: "fetching_progress"
    pkgId: "registry.npmjs.org/lodash.includes/4.3.0"
    downloaded: 3480
  284 debug pnpm:progress: 
    status: "fetching_progress"
    pkgId: "registry.npmjs.org/lodash.includes/4.3.0"
    downloaded: 4849
  285 debug pnpm:progress: 
    status: "fetching_progress"
    pkgId: "registry.npmjs.org/lodash.includes/4.3.0"
    downloaded: 6191
  286 debug pnpm:progress: 
    status: "fetching_progress"
    pkgId: "registry.npmjs.org/moment/2.19.3"
    downloaded: 52679
  287 debug pnpm:progress: 
    pkgId: "registry.npmjs.org/ms/2.1.1"
    status: "found_in_store"
  288 debug pnpm:progress: 
    status: "fetching_progress"
    pkgId: "registry.npmjs.org/twilio/3.25.0"
    downloaded: 294283
  289 debug pnpm:progress: 
    status: "fetching_progress"
    pkgId: "registry.npmjs.org/twilio/3.25.0"
    downloaded: 310667
  290 debug pnpm:progress: 
    pkgId: "registry.npmjs.org/aws-sign2/0.7.0"
    status: "found_in_store"
  291 debug pnpm:progress: 
    status: "resolved"
    pkgId: "registry.npmjs.org/aws4/1.8.0"
    pkg: 
      dependentId: "registry.npmjs.org/request/2.88.0"
      name: "aws4"
      rawSpec: "aws4@^1.8.0"
  292 debug pnpm:progress: 
    pkgId: "registry.npmjs.org/aws4/1.8.0"
    pkgVersion: "1.8.0"
    status: "downloaded_manifest"
  293 debug pnpm:progress: 
    pkgId: "registry.npmjs.org/aws4/1.8.0"
    status: "resolving_content"
  294 debug pnpm:progress: 
    status: "fetching_progress"
    pkgId: "registry.npmjs.org/@types/serve-static/1.13.2"
    downloaded: 3051
  295 debug pnpm:progress: 
    status: "fetching_progress"
    pkgId: "registry.npmjs.org/jws/3.1.5"
    downloaded: 3485
  296 debug pnpm:progress: 
    status: "fetching_progress"
    pkgId: "registry.npmjs.org/moment/2.19.3"
    downloaded: 54048
  297 debug pnpm:progress: 
    status: "resolved"
    pkgId: "registry.npmjs.org/@types/express-serve-static-core/4.16.0"
    pkg: 
      dependentId: "registry.npmjs.org/@types/express/4.16.0"
      name: "@types/express-serve-static-core"
      rawSpec: "@types/express-serve-static-core@*"
  298 debug pnpm:progress: 
    pkgId: "registry.npmjs.org/@types/express-serve-static-core/4.16.0"
    pkgVersion: "4.16.0"
    status: "downloaded_manifest"
  299 debug pnpm:progress: 
    pkgId: "registry.npmjs.org/@types/express-serve-static-core/4.16.0"
    status: "resolving_content"
  300 debug pnpm:progress: 
    pkg: 
      dependentId: "registry.npmjs.org/@types/express-serve-static-core/4.16.0"
      name: "@types/events"
      rawSpec: "@types/events@*"
    status: "installing"
  301 debug pnpm:progress: 
    pkg: 
      dependentId: "registry.npmjs.org/@types/express-serve-static-core/4.16.0"
      name: "@types/range-parser"
      rawSpec: "@types/range-parser@*"
    status: "installing"
  302 debug pnpm:progress: 
    pkg: 
      dependentId: "registry.npmjs.org/@types/express-serve-static-core/4.16.0"
      name: "@types/node"
      rawSpec: "@types/node@*"
    status: "installing"
  303 debug pnpm:progress: 
    status: "resolved"
    pkgId: "registry.npmjs.org/caseless/0.12.0"
    pkg: 
      dependentId: "registry.npmjs.org/request/2.88.0"
      name: "caseless"
      rawSpec: "caseless@~0.12.0"
  304 debug pnpm:progress: 
    pkgId: "registry.npmjs.org/caseless/0.12.0"
    pkgVersion: "0.12.0"
    status: "downloaded_manifest"
  305 debug pnpm:progress: 
    pkgId: "registry.npmjs.org/caseless/0.12.0"
    status: "resolving_content"
  306 debug pnpm:progress: 
    status: "resolved"
    pkgId: "registry.npmjs.org/extend/3.0.2"
    pkg: 
      dependentId: "registry.npmjs.org/request/2.88.0"
      name: "extend"
      rawSpec: "extend@~3.0.2"
  307 debug pnpm:progress: 
    pkgId: "registry.npmjs.org/extend/3.0.2"
    pkgVersion: "3.0.2"
    status: "downloaded_manifest"
  308 debug pnpm:progress: 
    pkgId: "registry.npmjs.org/extend/3.0.2"
    status: "resolving_content"
  309 debug pnpm:progress: 
    status: "fetching_progress"
    pkgId: "registry.npmjs.org/twilio/3.25.0"
    downloaded: 327051
  310 debug pnpm:progress: 
    status: "resolved"
    pkgId: "registry.npmjs.org/combined-stream/1.0.7"
    pkg: 
      dependentId: "registry.npmjs.org/request/2.88.0"
      name: "combined-stream"
      rawSpec: "combined-stream@~1.0.6"
  311 debug pnpm:progress: 
    pkgId: "registry.npmjs.org/combined-stream/1.0.7"
    pkgVersion: "1.0.7"
    status: "downloaded_manifest"
  312 debug pnpm:progress: 
    pkgId: "registry.npmjs.org/combined-stream/1.0.7"
    status: "resolving_content"
  313 debug pnpm:progress: 
    pkg: 
      dependentId: "registry.npmjs.org/combined-stream/1.0.7"
      name: "delayed-stream"
      rawSpec: "delayed-stream@~1.0.0"
    status: "installing"
  314 debug pnpm:progress: 
    status: "fetching_progress"
    pkgId: "registry.npmjs.org/jws/3.1.5"
    downloaded: 4854
  315 debug pnpm:progress: 
    status: "fetching_progress"
    pkgId: "registry.npmjs.org/jws/3.1.5"
    downloaded: 5885
  316 debug pnpm:progress: 
    status: "resolved"
    pkgId: "registry.npmjs.org/forever-agent/0.6.1"
    pkg: 
      dependentId: "registry.npmjs.org/request/2.88.0"
      name: "forever-agent"
      rawSpec: "forever-agent@~0.6.1"
  317 debug pnpm:progress: 
    pkgId: "registry.npmjs.org/forever-agent/0.6.1"
    pkgVersion: "0.6.1"
    status: "downloaded_manifest"
  318 debug pnpm:progress: 
    pkgId: "registry.npmjs.org/forever-agent/0.6.1"
    status: "resolving_content"
  319 debug pnpm:progress: 
    status: "fetching_progress"
    pkgId: "registry.npmjs.org/moment/2.19.3"
    downloaded: 55417
  320 debug pnpm:progress: 
    status: "fetching_progress"
    pkgId: "registry.npmjs.org/twilio/3.25.0"
    downloaded: 343435
  321 debug pnpm:progress: 
    status: "resolved"
    pkgId: "registry.npmjs.org/form-data/2.3.3"
    pkg: 
      dependentId: "registry.npmjs.org/request/2.88.0"
      name: "form-data"
      rawSpec: "form-data@~2.3.2"
  322 debug pnpm:progress: 
    pkgId: "registry.npmjs.org/form-data/2.3.3"
    pkgVersion: "2.3.3"
    status: "downloaded_manifest"
  323 debug pnpm:progress: 
    pkgId: "registry.npmjs.org/form-data/2.3.3"
    status: "resolving_content"
  324 debug pnpm:progress: 
    pkg: 
      dependentId: "registry.npmjs.org/form-data/2.3.3"
      name: "asynckit"
      rawSpec: "asynckit@^0.4.0"
    status: "installing"
  325 debug pnpm:progress: 
    pkg: 
      dependentId: "registry.npmjs.org/form-data/2.3.3"
      name: "combined-stream"
      rawSpec: "combined-stream@^1.0.6"
    status: "installing"
  326 debug pnpm:progress: 
    pkg: 
      dependentId: "registry.npmjs.org/form-data/2.3.3"
      name: "mime-types"
      rawSpec: "mime-types@^2.1.12"
    status: "installing"
  327 debug pnpm:progress: 
    status: "fetching_progress"
    pkgId: "registry.npmjs.org/twilio/3.25.0"
    downloaded: 359819
  328 debug pnpm:progress: 
    status: "fetching_progress"
    pkgId: "registry.npmjs.org/twilio/3.25.0"
    downloaded: 376203
  329 debug pnpm:progress: 
    pkgId: "registry.npmjs.org/aws4/1.8.0"
    status: "found_in_store"
  330 debug pnpm:progress: 
    pkgId: "registry.npmjs.org/combined-stream/1.0.7"
    status: "found_in_store"
  331 debug pnpm:progress: 
    pkgId: "registry.npmjs.org/extend/3.0.2"
    status: "found_in_store"
  332 debug pnpm:progress: 
    pkgId: "registry.npmjs.org/caseless/0.12.0"
    status: "found_in_store"
  333 debug pnpm:progress: 
    pkgId: "registry.npmjs.org/forever-agent/0.6.1"
    status: "found_in_store"
  334 debug pnpm:progress: 
    pkgId: "registry.npmjs.org/form-data/2.3.3"
    status: "found_in_store"
  335 debug pnpm:progress: 
    pkgId: "registry.npmjs.org/lodash.isinteger/4.0.4"
    status: "fetched"
  336 debug pnpm:progress: 
    pkgId: "registry.npmjs.org/q/2.0.3"
    status: "fetched"
  337 debug pnpm:progress: 
    pkgId: "registry.npmjs.org/@types/serve-static/1.13.2"
    status: "fetched"
  338 debug pnpm:progress: 
    pkgId: "registry.npmjs.org/lodash.isnumber/3.0.3"
    status: "fetched"
  339 debug pnpm:progress: 
    pkgId: "registry.npmjs.org/lodash.isstring/4.0.1"
    status: "fetched"
  340 debug pnpm:progress: 
    pkgId: "registry.npmjs.org/lodash.includes/4.3.0"
    status: "fetched"
  341 debug pnpm:progress: 
    pkgId: "registry.npmjs.org/lodash.isplainobject/4.0.6"
    status: "fetched"
  342 debug pnpm:progress: 
    pkgId: "registry.npmjs.org/lodash/4.17.11"
    status: "found_in_store"
  343 debug pnpm:progress: 
    pkgId: "registry.npmjs.org/lodash.once/4.1.1"
    status: "fetched"
  344 debug pnpm:progress: 
    pkgId: "registry.npmjs.org/jws/3.1.5"
    status: "fetched"
